<?xml version="1.0" encoding="UTF-8"?>
<!-- Generated by org.testng.reporters.JUnitReportReporter -->
<testsuite hostname="Juhi" failures="0" tests="1" name="testcases.LoginTest" time="2.887" errors="0" timestamp="2024-11-28T13:10:56 IST" skipped="0">
  <testcase classname="testcases.LoginTest" name="validLoginTest" time="2.887"/>
</testsuite> <!-- testcases.LoginTest -->
