<?xml version="1.0" encoding="UTF-8"?>
<!-- Generated by org.testng.reporters.JUnitReportReporter -->
<testsuite hostname="Juhi" failures="0" tests="1" name="testcases.LoginTest" time="2.914" errors="0" timestamp="2024-11-28T14:00:51 IST" skipped="0">
  <testcase classname="testcases.LoginTest" name="validLoginTest" time="2.914"/>
</testsuite> <!-- testcases.LoginTest -->
